leg_r1
Leg origin: [ 0.     0.    68.825]
Leg end: [ 0.   68.75  0.  ]
Leg angles: [90. 90. 90.]

leg_r2
Leg origin: [ 0.     0.    68.825]
Leg end: [ 0.   68.75  0.  ]
Leg angles: [90. 90. 90.]

leg_r3
Leg origin: [ 0.     0.    68.825]
Leg end: [ 0.   68.75  0.  ]
Leg angles: [90. 90. 90.]

leg_l3
Leg origin: [ 0.     0.    68.825]
Leg end: [ 0.   68.75  0.  ]
Leg angles: [90. 90. 90.]

leg_l2
Leg origin: [ 0.     0.    68.825]
Leg end: [ 0.   68.75  0.  ]
Leg angles: [90. 90. 90.]

leg_l1
Leg origin: [ 0.     0.    68.825]
Leg end: [ 0.   68.75  0.  ]
Leg angles: [90. 90. 90.]

Current roll angle: 0.0
[[ 0.     0.    68.825]
 [ 0.     0.    68.825]
 [ 0.     0.    68.825]
 [ 0.     0.    68.825]
 [ 0.     0.    68.825]
 [ 0.     0.    68.825]]
Current roll angle: 15.0
[[ 0.    -0.9   75.664]
 [ 0.    -1.801 82.503]
 [ 0.    -0.9   75.664]
 [ 0.     0.9   61.986]
 [ 0.     1.801 55.147]
 [ 0.     0.9   61.986]]
Current roll angle: 1.83697019872103e-15
[[ 0.     0.    68.825]
 [ 0.     0.    68.825]
 [ 0.     0.    68.825]
 [ 0.     0.    68.825]
 [ 0.     0.    68.825]
 [ 0.     0.    68.825]]
Current roll angle: -15.0
[[ 0.    -0.9   61.986]
 [ 0.    -1.801 55.147]
 [ 0.    -0.9   61.986]
 [ 0.     0.9   75.664]
 [ 0.     1.801 82.503]
 [ 0.     0.9   75.664]]
Current roll angle: -3.67394039744206e-15
[[ 0.     0.    68.825]
 [ 0.     0.    68.825]
 [ 0.     0.    68.825]
 [ 0.     0.    68.825]
 [ 0.     0.    68.825]
 [ 0.     0.    68.825]]
Current roll angle: 15.0
[[ 0.    -0.9   75.664]
 [ 0.    -1.801 82.503]
 [ 0.    -0.9   75.664]
 [ 0.     0.9   61.986]
 [ 0.     1.801 55.147]
 [ 0.     0.9   61.986]]
Current roll angle: 5.510910596163089e-15
[[ 0.     0.    68.825]
 [ 0.     0.    68.825]
 [ 0.     0.    68.825]
 [ 0.     0.    68.825]
 [ 0.     0.    68.825]
 [ 0.     0.    68.825]]
Current roll angle: -15.0
[[ 0.    -0.9   61.986]
 [ 0.    -1.801 55.147]
 [ 0.    -0.9   61.986]
 [ 0.     0.9   75.664]
 [ 0.     1.801 82.503]
 [ 0.     0.9   75.664]]
Current roll angle: -7.34788079488412e-15
[[ 0.     0.    68.825]
 [ 0.     0.    68.825]
 [ 0.     0.    68.825]
 [ 0.     0.    68.825]
 [ 0.     0.    68.825]
 [ 0.     0.    68.825]]
Current roll angle: 15.0
[[ 0.    -0.9   75.664]
 [ 0.    -1.801 82.503]
 [ 0.    -0.9   75.664]
 [ 0.     0.9   61.986]
 [ 0.     1.801 55.147]
 [ 0.     0.9   61.986]]
Current roll angle: 9.184850993605149e-15
[[ 0.     0.    68.825]
 [ 0.     0.    68.825]
 [ 0.     0.    68.825]
 [ 0.     0.    68.825]
 [ 0.     0.    68.825]
 [ 0.     0.    68.825]]
Current roll angle: -15.0
[[ 0.    -0.9   61.986]
 [ 0.    -1.801 55.147]
 [ 0.    -0.9   61.986]
 [ 0.     0.9   75.664]
 [ 0.     1.801 82.503]
 [ 0.     0.9   75.664]]
Current roll angle: -1.1021821192326178e-14
[[ 0.     0.    68.825]
 [ 0.     0.    68.825]
 [ 0.     0.    68.825]
 [ 0.     0.    68.825]
 [ 0.     0.    68.825]
 [ 0.     0.    68.825]]
Current roll angle: 15.0
[[ 0.    -0.9   75.664]
 [ 0.    -1.801 82.503]
 [ 0.    -0.9   75.664]
 [ 0.     0.9   61.986]
 [ 0.     1.801 55.147]
 [ 0.     0.9   61.986]]
Current roll angle: 1.2858791391047208e-14
[[ 0.     0.    68.825]
 [ 0.     0.    68.825]
 [ 0.     0.    68.825]
 [ 0.     0.    68.825]
 [ 0.     0.    68.825]
 [ 0.     0.    68.825]]
Current roll angle: -15.0
[[ 0.    -0.9   61.986]
 [ 0.    -1.801 55.147]
 [ 0.    -0.9   61.986]
 [ 0.     0.9   75.664]
 [ 0.     1.801 82.503]
 [ 0.     0.9   75.664]]
Current roll angle: -1.469576158976824e-14
[[ 0.     0.    68.825]
 [ 0.     0.    68.825]
 [ 0.     0.    68.825]
 [ 0.     0.    68.825]
 [ 0.     0.    68.825]
 [ 0.     0.    68.825]]
Current roll angle: 15.0
[[ 0.    -0.9   75.664]
 [ 0.    -1.801 82.503]
 [ 0.    -0.9   75.664]
 [ 0.     0.9   61.986]
 [ 0.     1.801 55.147]
 [ 0.     0.9   61.986]]
Current roll angle: 1.653273178848927e-14
[[ 0.     0.    68.825]
 [ 0.     0.    68.825]
 [ 0.     0.    68.825]
 [ 0.     0.    68.825]
 [ 0.     0.    68.825]
 [ 0.     0.    68.825]]
Current roll angle: -15.0
[[ 0.    -0.9   61.986]
 [ 0.    -1.801 55.147]
 [ 0.    -0.9   61.986]
 [ 0.     0.9   75.664]
 [ 0.     1.801 82.503]
 [ 0.     0.9   75.664]]
