Walkybot initial status:
Local leg endpoints:
 [[ 0.   68.75  0.  ]
 [ 0.   68.75  0.  ]
 [ 0.   68.75  0.  ]
 [ 0.   68.75  0.  ]
 [ 0.   68.75  0.  ]
 [ 0.   68.75  0.  ]]
Abs leg endpoints:
 [[ 105.307   60.799    0.   ]
 [   0.     121.598    0.   ]
 [-105.307   60.799    0.   ]
 [-105.307  -60.799    0.   ]
 [  -0.    -121.598    0.   ]
 [ 105.307  -60.799    0.   ]]
Local leg origin:
 [[ 0.     0.    68.825]
 [ 0.     0.    68.825]
 [ 0.     0.    68.825]
 [ 0.     0.    68.825]
 [ 0.     0.    68.825]
 [ 0.     0.    68.825]]
Abs leg origin:
 [[ 45.768  26.424  68.825]
 [  0.     52.848  68.825]
 [-45.768  26.424  68.825]
 [-45.768 -26.424  68.825]
 [  0.    -52.848  68.825]
 [ 45.768 -26.424  68.825]]
Leg Angles:
 [90. 90. 90. 90. 90. 90.]
Body Z-height: 68.825
Body roll: 0.0
Body pitch: 0.0

leg_r1
Leg origin: [ 0.     0.    68.825]
Leg end: [ 0.   68.75  0.  ]
Leg angles: [90. 90. 90.]

leg_r2
Leg origin: [ 0.     0.    68.825]
Leg end: [ 0.   68.75  0.  ]
Leg angles: [90. 90. 90.]

leg_r3
Leg origin: [ 0.     0.    68.825]
Leg end: [ 0.   68.75  0.  ]
Leg angles: [90. 90. 90.]

leg_l3
Leg origin: [ 0.     0.    68.825]
Leg end: [ 0.   68.75  0.  ]
Leg angles: [90. 90. 90.]

leg_l2
Leg origin: [ 0.     0.    68.825]
Leg end: [ 0.   68.75  0.  ]
Leg angles: [90. 90. 90.]

leg_l1
Leg origin: [ 0.     0.    68.825]
Leg end: [ 0.   68.75  0.  ]
Leg angles: [90. 90. 90.]




//////////////WALK test//////////////

Delta_X: 30.0000 | Delta_Y: 0.0000 | Delta_R: 0.0000
New coords to move to bef rotation:
 [[ 135.307   60.799    0.   ]
 [  30.     121.598    0.   ]
 [ -75.307   60.799    0.   ]
 [ -75.307  -60.799    0.   ]
 [  30.    -121.598    0.   ]
 [ 135.307  -60.799    0.   ]] 

Target move pos:
 [[ 112.807   60.799   20.   ]
 [   0.     121.598    0.   ]
 [ -97.807   60.799   20.   ]
 [-105.307  -60.799    0.   ]
 [   7.5   -121.598   20.   ]
 [ 105.307  -60.799    0.   ]]
Time: 0.0 
Curr movement pos:
 [[ 105.307   60.799    0.   ]
 [   0.     121.598    0.   ]
 [-105.307   60.799    0.   ]
 [-105.307  -60.799    0.   ]
 [  -0.    -121.598    0.   ]
 [ 105.307  -60.799    0.   ]]
Local leg coords:
 [[ 0.   68.75  0.  ]
 [ 0.   68.75  0.  ]
 [-0.   68.75  0.  ]
 [ 0.   68.75  0.  ]
 [ 0.   68.75  0.  ]
 [ 0.   68.75  0.  ]]
Time: 0.0801553726196289 
Curr movement pos:
 [[ 106.51    60.799    3.206]
 [   0.     121.598    0.   ]
 [-104.105   60.799    3.206]
 [-105.307  -60.799    0.   ]
 [   1.202 -121.598    3.206]
 [ 105.307  -60.799    0.   ]]
Local leg coords:
 [[ 0.601 69.791  3.206]
 [ 0.    68.75   0.   ]
 [ 0.601 67.709  3.206]
 [ 0.    68.75   0.   ]
 [-1.202 68.75   3.206]
 [ 0.    68.75   0.   ]]
Time: 0.1199040412902832 
Curr movement pos:
 [[ 107.106   60.799    4.796]
 [   0.     121.598    0.   ]
 [-103.509   60.799    4.796]
 [-105.307  -60.799    0.   ]
 [   1.799 -121.598    4.796]
 [ 105.307  -60.799    0.   ]]
Local leg coords:
 [[ 0.899 70.308  4.796]
 [ 0.    68.75   0.   ]
 [ 0.899 67.192  4.796]
 [ 0.    68.75   0.   ]
 [-1.799 68.75   4.796]
 [ 0.    68.75   0.   ]]
Time: 0.15954971313476562 
Curr movement pos:
 [[ 107.7     60.799    6.382]
 [   0.     121.598    0.   ]
 [-102.914   60.799    6.382]
 [-105.307  -60.799    0.   ]
 [   2.393 -121.598    6.382]
 [ 105.307  -60.799    0.   ]]
Local leg coords:
 [[ 1.197 70.823  6.382]
 [ 0.    68.75   0.   ]
 [ 1.197 66.677  6.382]
 [ 0.    68.75   0.   ]
 [-2.393 68.75   6.382]
 [ 0.    68.75   0.   ]]
Time: 0.24219107627868652 
Curr movement pos:
 [[ 108.94    60.799    9.688]
 [   0.     121.598    0.   ]
 [-101.674   60.799    9.688]
 [-105.307  -60.799    0.   ]
 [   3.633 -121.598    9.688]
 [ 105.307  -60.799    0.   ]]
Local leg coords:
 [[ 1.816 71.896  9.688]
 [ 0.    68.75   0.   ]
 [ 1.816 65.604  9.688]
 [ 0.    68.75   0.   ]
 [-3.633 68.75   9.688]
 [ 0.    68.75   0.   ]]
Time: 0.3118455410003662 
Curr movement pos:
 [[ 109.985   60.799   12.474]
 [   0.     121.598    0.   ]
 [-100.63    60.799   12.474]
 [-105.307  -60.799    0.   ]
 [   4.678 -121.598   12.474]
 [ 105.307  -60.799    0.   ]]
Local leg coords:
 [[ 2.339 72.801 12.474]
 [ 0.    68.75   0.   ]
 [ 2.339 64.699 12.474]
 [ 0.    68.75   0.   ]
 [-4.678 68.75  12.474]
 [ 0.    68.75   0.   ]]
Time: 0.3516242504119873 
Curr movement pos:
 [[ 110.582   60.799   14.065]
 [   0.     121.598    0.   ]
 [-100.033   60.799   14.065]
 [-105.307  -60.799    0.   ]
 [   5.274 -121.598   14.065]
 [ 105.307  -60.799    0.   ]]
Local leg coords:
 [[ 2.637 73.318 14.065]
 [ 0.    68.75   0.   ]
 [ 2.637 64.182 14.065]
 [ 0.    68.75   0.   ]
 [-5.274 68.75  14.065]
 [ 0.    68.75   0.   ]]
Time: 0.390779972076416 
Curr movement pos:
 [[ 111.169   60.799   15.631]
 [   0.     121.598    0.   ]
 [ -99.446   60.799   15.631]
 [-105.307  -60.799    0.   ]
 [   5.862 -121.598   15.631]
 [ 105.307  -60.799    0.   ]]
Local leg coords:
 [[ 2.931 73.826 15.631]
 [ 0.    68.75   0.   ]
 [ 2.931 63.674 15.631]
 [ 0.    68.75   0.   ]
 [-5.862 68.75  15.631]
 [ 0.    68.75   0.   ]]
Time: 0.48218321800231934 
Curr movement pos:
 [[ 112.54    60.799   19.287]
 [   0.     121.598    0.   ]
 [ -98.074   60.799   19.287]
 [-105.307  -60.799    0.   ]
 [   7.233 -121.598   19.287]
 [ 105.307  -60.799    0.   ]]
Local leg coords:
 [[ 3.616 75.014 19.287]
 [ 0.    68.75   0.   ]
 [ 3.616 62.486 19.287]
 [ 0.    68.75   0.   ]
 [-7.233 68.75  19.287]
 [ 0.    68.75   0.   ]]
Move up complete


Target move pos:
 [[ 135.307   60.799    0.   ]
 [   0.     121.598    0.   ]
 [ -75.307   60.799    0.   ]
 [-105.307  -60.799    0.   ]
 [  30.    -121.598    0.   ]
 [ 105.307  -60.799    0.   ]]
Time: 0.0 
Curr movement pos:
 [[ 112.807   60.799   20.   ]
 [   0.     121.598    0.   ]
 [ -97.807   60.799   20.   ]
 [-105.307  -60.799    0.   ]
 [   7.5   -121.598   20.   ]
 [ 105.307  -60.799    0.   ]]
Local leg coords:
 [[ 3.75  75.245 20.   ]
 [ 0.    68.75   0.   ]
 [ 3.75  62.255 20.   ]
 [ 0.    68.75   0.   ]
 [-7.5   68.75  20.   ]
 [ 0.    68.75   0.   ]]
Time: 0.03940892219543457 
Curr movement pos:
 [[ 114.581   60.799   18.424]
 [   0.     121.598    0.   ]
 [ -96.034   60.799   18.424]
 [-105.307  -60.799    0.   ]
 [   9.273 -121.598   18.424]
 [ 105.307  -60.799    0.   ]]
Local leg coords:
 [[ 4.637 76.781 18.424]
 [ 0.    68.75   0.   ]
 [ 4.637 60.719 18.424]
 [ 0.    68.75   0.   ]
 [-9.273 68.75  18.424]
 [ 0.    68.75   0.   ]]
Time: 0.12248516082763672 
Curr movement pos:
 [[ 118.319   60.799   15.101]
 [   0.     121.598    0.   ]
 [ -92.295   60.799   15.101]
 [-105.307  -60.799    0.   ]
 [  13.012 -121.598   15.101]
 [ 105.307  -60.799    0.   ]]
Local leg coords:
 [[  6.506  80.019  15.101]
 [  0.     68.75    0.   ]
 [  6.506  57.481  15.101]
 [  0.     68.75    0.   ]
 [-13.012  68.75   15.101]
 [  0.     68.75    0.   ]]
Time: 0.19257450103759766 
Curr movement pos:
 [[ 121.473   60.799   12.297]
 [   0.     121.598    0.   ]
 [ -89.141   60.799   12.297]
 [-105.307  -60.799    0.   ]
 [  16.166 -121.598   12.297]
 [ 105.307  -60.799    0.   ]]
Local leg coords:
 [[  8.083  82.75   12.297]
 [  0.     68.75    0.   ]
 [  8.083  54.75   12.297]
 [  0.     68.75    0.   ]
 [-16.166  68.75   12.297]
 [  0.     68.75    0.   ]]
Time: 0.23194336891174316 
Curr movement pos:
 [[ 123.245   60.799   10.722]
 [   0.     121.598    0.   ]
 [ -87.37    60.799   10.722]
 [-105.307  -60.799    0.   ]
 [  17.937 -121.598   10.722]
 [ 105.307  -60.799    0.   ]]
Local leg coords:
 [[  8.969  84.284  10.722]
 [  0.     68.75    0.   ]
 [  8.969  53.216  10.722]
 [  0.     68.75    0.   ]
 [-17.937  68.75   10.722]
 [  0.     68.75    0.   ]]
Time: 0.2714650630950928 
Curr movement pos:
 [[ 125.023   60.799    9.141]
 [   0.     121.598    0.   ]
 [ -85.591   60.799    9.141]
 [-105.307  -60.799    0.   ]
 [  19.716 -121.598    9.141]
 [ 105.307  -60.799    0.   ]]
Local leg coords:
 [[  9.858  85.824   9.141]
 [  0.     68.75    0.   ]
 [  9.858  51.676   9.141]
 [  0.     68.75    0.   ]
 [-19.716  68.75    9.141]
 [  0.     68.75    0.   ]]
Time: 0.35414743423461914 
Curr movement pos:
 [[ 128.744   60.799    5.834]
 [   0.     121.598    0.   ]
 [ -81.871   60.799    5.834]
 [-105.307  -60.799    0.   ]
 [  23.437 -121.598    5.834]
 [ 105.307  -60.799    0.   ]]
Local leg coords:
 [[ 11.718  89.047   5.834]
 [  0.     68.75    0.   ]
 [ 11.718  48.453   5.834]
 [  0.     68.75    0.   ]
 [-23.437  68.75    5.834]
 [  0.     68.75    0.   ]]
Time: 0.44187355041503906 
Curr movement pos:
 [[ 132.692   60.799    2.325]
 [   0.     121.598    0.   ]
 [ -77.923   60.799    2.325]
 [-105.307  -60.799    0.   ]
 [  27.384 -121.598    2.325]
 [ 105.307  -60.799    0.   ]]
Local leg coords:
 [[ 13.692  92.466   2.325]
 [  0.     68.75    0.   ]
 [ 13.692  45.034   2.325]
 [  0.     68.75    0.   ]
 [-27.384  68.75    2.325]
 [  0.     68.75    0.   ]]
Time: 0.48591041564941406 
Curr movement pos:
 [[ 134.673   60.799    0.564]
 [   0.     121.598    0.   ]
 [ -75.941   60.799    0.564]
 [-105.307  -60.799    0.   ]
 [  29.366 -121.598    0.564]
 [ 105.307  -60.799    0.   ]]
Local leg coords:
 [[ 14.683  94.182   0.564]
 [  0.     68.75    0.   ]
 [ 14.683  43.318   0.564]
 [  0.     68.75    0.   ]
 [-29.366  68.75    0.564]
 [  0.     68.75    0.   ]]
Movement complete

####################################


Legset 1 done
Target move pos:
 [[ 136.817   60.799    0.   ]
 [   7.5    121.598   20.   ]
 [ -73.797   60.799    0.   ]
 [ -97.807  -60.799   20.   ]
 [  31.51  -121.598    0.   ]
 [ 112.807  -60.799   20.   ]]
Time: 0.0 
Curr movement pos:
 [[ 136.817   60.799   -1.342]
 [   0.     121.598    0.   ]
 [ -73.797   60.799   -1.342]
 [-105.307  -60.799    0.   ]
 [  31.51  -121.598   -1.342]
 [ 105.307  -60.799    0.   ]]
Local leg coords:
 [[ 15.755  96.038  -1.342]
 [  0.     68.75    0.   ]
 [ 15.755  41.462  -1.342]
 [  0.     68.75    0.   ]
 [-31.51   68.75   -1.342]
 [  0.     68.75    0.   ]]
Time: 0.09641528129577637 
Curr movement pos:
 [[ 136.817   60.799   -1.083]
 [   1.446  121.598    3.857]
 [ -73.797   60.799   -1.083]
 [-103.861  -60.799    3.857]
 [  31.51  -121.598   -1.083]
 [ 106.753  -60.799    3.857]]
Local leg coords:
 [[ 15.755  96.038  -1.083]
 [  1.446  68.75    3.857]
 [ 15.755  41.462  -1.083]
 [ -0.723  67.498   3.857]
 [-31.51   68.75   -1.083]
 [ -0.723  70.002   3.857]]
Time: 0.1425778865814209 
Curr movement pos:
 [[ 136.817   60.799   -0.959]
 [   2.139  121.598    5.703]
 [ -73.797   60.799   -0.959]
 [-103.169  -60.799    5.703]
 [  31.51  -121.598   -0.959]
 [ 107.446  -60.799    5.703]]
Local leg coords:
 [[ 15.755  96.038  -0.959]
 [  2.139  68.75    5.703]
 [ 15.755  41.462  -0.959]
 [ -1.069  66.898   5.703]
 [-31.51   68.75   -0.959]
 [ -1.069  70.602   5.703]]
Time: 0.18187952041625977 
Curr movement pos:
 [[ 136.817   60.799   -0.854]
 [   2.728  121.598    7.275]
 [ -73.797   60.799   -0.854]
 [-102.579  -60.799    7.275]
 [  31.51  -121.598   -0.854]
 [ 108.035  -60.799    7.275]]
Local leg coords:
 [[ 15.755  96.038  -0.854]
 [  2.728  68.75    7.275]
 [ 15.755  41.462  -0.854]
 [ -1.364  66.387   7.275]
 [-31.51   68.75   -0.854]
 [ -1.364  71.113   7.275]]
Time: 0.2366042137145996 
Curr movement pos:
 [[ 136.817   60.799   -0.707]
 [   3.549  121.598    9.464]
 [ -73.797   60.799   -0.707]
 [-101.758  -60.799    9.464]
 [  31.51  -121.598   -0.707]
 [ 108.856  -60.799    9.464]]
Local leg coords:
 [[ 15.755  96.038  -0.707]
 [  3.549  68.75    9.464]
 [ 15.755  41.462  -0.707]
 [ -1.775  65.676   9.464]
 [-31.51   68.75   -0.707]
 [ -1.775  71.824   9.464]]
Time: 0.32474541664123535 
Curr movement pos:
 [[ 136.817   60.799   -0.47 ]
 [   4.871  121.598   12.99 ]
 [ -73.797   60.799   -0.47 ]
 [-100.436  -60.799   12.99 ]
 [  31.51  -121.598   -0.47 ]
 [ 110.178  -60.799   12.99 ]]
Local leg coords:
 [[ 15.755  96.038  -0.47 ]
 [  4.871  68.75   12.99 ]
 [ 15.755  41.462  -0.47 ]
 [ -2.436  64.531  12.99 ]
 [-31.51   68.75   -0.47 ]
 [ -2.436  72.969  12.99 ]]
Time: 0.36647605895996094 
Curr movement pos:
 [[ 136.817   60.799   -0.358]
 [   5.497  121.598   14.659]
 [ -73.797   60.799   -0.358]
 [ -99.81   -60.799   14.659]
 [  31.51  -121.598   -0.358]
 [ 110.804  -60.799   14.659]]
Local leg coords:
 [[ 15.755  96.038  -0.358]
 [  5.497  68.75   14.659]
 [ 15.755  41.462  -0.358]
 [ -2.749  63.989  14.659]
 [-31.51   68.75   -0.358]
 [ -2.749  73.511  14.659]]
Time: 0.40625476837158203 
Curr movement pos:
 [[ 136.817   60.799   -0.252]
 [   6.094  121.598   16.25 ]
 [ -73.797   60.799   -0.252]
 [ -99.213  -60.799   16.25 ]
 [  31.51  -121.598   -0.252]
 [ 111.401  -60.799   16.25 ]]
Local leg coords:
 [[ 15.755  96.038  -0.252]
 [  6.094  68.75   16.25 ]
 [ 15.755  41.462  -0.252]
 [ -3.047  63.473  16.25 ]
 [-31.51   68.75   -0.252]
 [ -3.047  74.027  16.25 ]]
Time: 0.45583438873291016 
Curr movement pos:
 [[ 136.817   60.799   -0.119]
 [   6.838  121.598   18.233]
 [ -73.797   60.799   -0.119]
 [ -98.47   -60.799   18.233]
 [  31.51  -121.598   -0.119]
 [ 112.145  -60.799   18.233]]
Local leg coords:
 [[ 15.755  96.038  -0.119]
 [  6.838  68.75   18.233]
 [ 15.755  41.462  -0.119]
 [ -3.419  62.829  18.233]
 [-31.51   68.75   -0.119]
 [ -3.419  74.671  18.233]]
Move up complete


Target move pos:
 [[ 136.817   60.799   -1.342]
 [  30.     121.598    0.   ]
 [ -73.797   60.799   -1.342]
 [ -75.307  -60.799    0.   ]
 [  31.51  -121.598   -1.342]
 [ 135.307  -60.799    0.   ]]
Time: 0.0 
Curr movement pos:
 [[ 136.817   60.799    0.   ]
 [   7.5    121.598   20.   ]
 [ -73.797   60.799    0.   ]
 [ -97.807  -60.799   20.   ]
 [  31.51  -121.598    0.   ]
 [ 112.807  -60.799   20.   ]]
Local leg coords:
 [[ 15.755  96.038   0.   ]
 [  7.5    68.75   20.   ]
 [ 15.755  41.462   0.   ]
 [ -3.75   62.255  20.   ]
 [-31.51   68.75    0.   ]
 [ -3.75   75.245  20.   ]]
Time: 0.03945183753967285 
Curr movement pos:
 [[ 136.817   60.799   -0.106]
 [   9.275  121.598   18.422]
 [ -73.797   60.799   -0.106]
 [ -96.032  -60.799   18.422]
 [  31.51  -121.598   -0.106]
 [ 114.583  -60.799   18.422]]
Local leg coords:
 [[ 15.755  96.038  -0.106]
 [  9.275  68.75   18.422]
 [ 15.755  41.462  -0.106]
 [ -4.638  60.717  18.422]
 [-31.51   68.75   -0.106]
 [ -4.638  76.783  18.422]]
Time: 0.08902120590209961 
Curr movement pos:
 [[ 136.817   60.799   -0.239]
 [  11.506  121.598   16.439]
 [ -73.797   60.799   -0.239]
 [ -93.801  -60.799   16.439]
 [  31.51  -121.598   -0.239]
 [ 116.813  -60.799   16.439]]
Local leg coords:
 [[ 15.755  96.038  -0.239]
 [ 11.506  68.75   16.439]
 [ 15.755  41.462  -0.239]
 [ -5.753  58.786  16.439]
 [-31.51   68.75   -0.239]
 [ -5.753  78.714  16.439]]
Time: 0.17958879470825195 
Curr movement pos:
 [[ 136.817   60.799   -0.482]
 [  15.581  121.598   12.816]
 [ -73.797   60.799   -0.482]
 [ -89.726  -60.799   12.816]
 [  31.51  -121.598   -0.482]
 [ 120.889  -60.799   12.816]]
Local leg coords:
 [[ 15.755  96.038  -0.482]
 [ 15.581  68.75   12.816]
 [ 15.755  41.462  -0.482]
 [ -7.791  55.256  12.816]
 [-31.51   68.75   -0.482]
 [ -7.791  82.244  12.816]]
Time: 0.2236793041229248 
Curr movement pos:
 [[ 136.817   60.799   -0.6  ]
 [  17.566  121.598   11.053]
 [ -73.797   60.799   -0.6  ]
 [ -87.742  -60.799   11.053]
 [  31.51  -121.598   -0.6  ]
 [ 122.873  -60.799   11.053]]
Local leg coords:
 [[ 15.755  96.038  -0.6  ]
 [ 17.566  68.75   11.053]
 [ 15.755  41.462  -0.6  ]
 [ -8.783  53.538  11.053]
 [-31.51   68.75   -0.6  ]
 [ -8.783  83.962  11.053]]
Time: 0.26326680183410645 
Curr movement pos:
 [[ 136.817   60.799   -0.707]
 [  19.347  121.598    9.469]
 [ -73.797   60.799   -0.707]
 [ -85.96   -60.799    9.469]
 [  31.51  -121.598   -0.707]
 [ 124.654  -60.799    9.469]]
Local leg coords:
 [[ 15.755  96.038  -0.707]
 [ 19.347  68.75    9.469]
 [ 15.755  41.462  -0.707]
 [ -9.674  51.995   9.469]
 [-31.51   68.75   -0.707]
 [ -9.674  85.505   9.469]]
Time: 0.3188655376434326 
Curr movement pos:
 [[ 136.817   60.799   -0.856]
 [  21.849  121.598    7.245]
 [ -73.797   60.799   -0.856]
 [ -83.458  -60.799    7.245]
 [  31.51  -121.598   -0.856]
 [ 127.156  -60.799    7.245]]
Local leg coords:
 [[ 15.755  96.038  -0.856]
 [ 21.849  68.75    7.245]
 [ 15.755  41.462  -0.856]
 [-10.924  49.828   7.245]
 [-31.51   68.75   -0.856]
 [-10.924  87.672   7.245]]
Time: 0.40540575981140137 
Curr movement pos:
 [[ 136.817   60.799   -1.088]
 [  25.743  121.598    3.784]
 [ -73.797   60.799   -1.088]
 [ -79.564  -60.799    3.784]
 [  31.51  -121.598   -1.088]
 [ 131.051  -60.799    3.784]]