Walkybot initial status:
Local leg endpoints:
 [[ 0.   68.75  0.  ]
 [ 0.   68.75  0.  ]
 [ 0.   68.75  0.  ]
 [ 0.   68.75  0.  ]
 [ 0.   68.75  0.  ]
 [ 0.   68.75  0.  ]]
Abs leg endpoints:
 [[ 105.307   60.799    0.   ]
 [   0.     121.598    0.   ]
 [-105.307   60.799    0.   ]
 [-105.307  -60.799    0.   ]
 [  -0.    -121.598    0.   ]
 [ 105.307  -60.799    0.   ]]
Local leg origin:
 [[ 0.     0.    68.825]
 [ 0.     0.    68.825]
 [ 0.     0.    68.825]
 [ 0.     0.    68.825]
 [ 0.     0.    68.825]
 [ 0.     0.    68.825]]
Abs leg origin:
 [[ 45.768  26.424  68.825]
 [  0.     52.848  68.825]
 [-45.768  26.424  68.825]
 [-45.768 -26.424  68.825]
 [  0.    -52.848  68.825]
 [ 45.768 -26.424  68.825]]
Leg Angles:
 [90. 90. 90. 90. 90. 90.]
Body Z-height: 68.825
Body roll: 0.0
Body pitch: 0.0

leg_r1
Leg origin: [ 0.     0.    68.825]
Leg end: [ 0.   68.75  0.  ]
Leg angles: [90. 90. 90.]

leg_r2
Leg origin: [ 0.     0.    68.825]
Leg end: [ 0.   68.75  0.  ]
Leg angles: [90. 90. 90.]

leg_r3
Leg origin: [ 0.     0.    68.825]
Leg end: [ 0.   68.75  0.  ]
Leg angles: [90. 90. 90.]

leg_l3
Leg origin: [ 0.     0.    68.825]
Leg end: [ 0.   68.75  0.  ]
Leg angles: [90. 90. 90.]

leg_l2
Leg origin: [ 0.     0.    68.825]
Leg end: [ 0.   68.75  0.  ]
Leg angles: [90. 90. 90.]

leg_l1
Leg origin: [ 0.     0.    68.825]
Leg end: [ 0.   68.75  0.  ]
Leg angles: [90. 90. 90.]